D:\COURSE\DATASTRUCTURE\PROJECTS\TABLE\2DARRAY\DEBUG\MAIN.OBJ
D:\COURSE\DATASTRUCTURE\PROJECTS\TABLE\2DARRAY\DEBUG\VC110.PDB
D:\COURSE\DATASTRUCTURE\PROJECTS\TABLE\DEBUG\2DARRAY.ILK
D:\COURSE\DATASTRUCTURE\PROJECTS\TABLE\DEBUG\2DARRAY.EXE
D:\COURSE\DATASTRUCTURE\PROJECTS\TABLE\DEBUG\2DARRAY.PDB
D:\Course\DataStructure\Projects\Table\2DArray\Debug\main.obj
D:\Course\DataStructure\Projects\Table\2DArray\Debug\cl.command.1.tlog
D:\Course\DataStructure\Projects\Table\2DArray\Debug\CL.read.1.tlog
D:\Course\DataStructure\Projects\Table\2DArray\Debug\CL.write.1.tlog
D:\Course\DataStructure\Projects\Table\2DArray\Debug\link-cvtres.read.1.tlog
D:\Course\DataStructure\Projects\Table\2DArray\Debug\link-cvtres.write.1.tlog
D:\Course\DataStructure\Projects\Table\2DArray\Debug\link-rc.read.1.tlog
D:\Course\DataStructure\Projects\Table\2DArray\Debug\link-rc.write.1.tlog
D:\Course\DataStructure\Projects\Table\2DArray\Debug\link.command.1.tlog
D:\Course\DataStructure\Projects\Table\2DArray\Debug\link.read.1.tlog
D:\Course\DataStructure\Projects\Table\2DArray\Debug\link.write.1.tlog
D:\Course\DataStructure\Projects\Table\2DArray\Debug\vc110.idb
D:\Course\DataStructure\Projects\Table\2DArray\Debug\vc110.pdb
D:\Course\DataStructure\Projects\Table\Debug\2DArray.pdb
D:\Course\DataStructure\Projects\Table\Debug\2DArray.exe
D:\Course\DataStructure\Projects\Table\Debug\2DArray.ilk
