D:\COURSE\DATASTRUCTURE\PROJECTS\TABLE\HASHTABLE\DEBUG\MAIN.OBJ
D:\COURSE\DATASTRUCTURE\PROJECTS\TABLE\HASHTABLE\DEBUG\VC110.PDB
D:\COURSE\DATASTRUCTURE\PROJECTS\TABLE\DEBUG\HASHTABLE.ILK
D:\COURSE\DATASTRUCTURE\PROJECTS\TABLE\DEBUG\HASHTABLE.EXE
D:\COURSE\DATASTRUCTURE\PROJECTS\TABLE\DEBUG\HASHTABLE.PDB
D:\Course\DataStructure\Projects\Table\HashTable\Debug\main.obj
D:\Course\DataStructure\Projects\Table\HashTable\Debug\cl.command.1.tlog
D:\Course\DataStructure\Projects\Table\HashTable\Debug\CL.read.1.tlog
D:\Course\DataStructure\Projects\Table\HashTable\Debug\CL.write.1.tlog
D:\Course\DataStructure\Projects\Table\HashTable\Debug\link-cvtres.read.1.tlog
D:\Course\DataStructure\Projects\Table\HashTable\Debug\link-cvtres.write.1.tlog
D:\Course\DataStructure\Projects\Table\HashTable\Debug\link-rc.read.1.tlog
D:\Course\DataStructure\Projects\Table\HashTable\Debug\link-rc.write.1.tlog
D:\Course\DataStructure\Projects\Table\HashTable\Debug\link.command.1.tlog
D:\Course\DataStructure\Projects\Table\HashTable\Debug\link.read.1.tlog
D:\Course\DataStructure\Projects\Table\HashTable\Debug\link.write.1.tlog
D:\Course\DataStructure\Projects\Table\HashTable\Debug\vc110.idb
D:\Course\DataStructure\Projects\Table\HashTable\Debug\vc110.pdb
D:\Course\DataStructure\Projects\Table\Debug\HashTable.pdb
D:\Course\DataStructure\Projects\Table\Debug\HashTable.exe
D:\Course\DataStructure\Projects\Table\Debug\HashTable.ilk
